mode: atomic
github.com/rushairer/batchsql/test/cmd/stress/main.go:30.104,34.2 3 0
github.com/rushairer/batchsql/test/cmd/stress/main.go:36.68,40.2 3 0
github.com/rushairer/batchsql/test/cmd/stress/main.go:50.78,55.2 1 0
github.com/rushairer/batchsql/test/cmd/stress/main.go:57.45,59.2 1 0
github.com/rushairer/batchsql/test/cmd/stress/main.go:61.143,63.17 1 0
github.com/rushairer/batchsql/test/cmd/stress/main.go:63.17,65.3 1 0
github.com/rushairer/batchsql/test/cmd/stress/main.go:67.2,75.8 4 0
github.com/rushairer/batchsql/test/cmd/stress/main.go:78.86,80.2 1 0
github.com/rushairer/batchsql/test/cmd/stress/main.go:82.82,84.2 1 0
github.com/rushairer/batchsql/test/cmd/stress/main.go:86.53,90.2 3 0
github.com/rushairer/batchsql/test/cmd/stress/main.go:99.52,101.2 1 0
github.com/rushairer/batchsql/test/cmd/stress/main.go:103.53,105.2 1 0
github.com/rushairer/batchsql/test/cmd/stress/main.go:107.58,109.2 1 0
github.com/rushairer/batchsql/test/cmd/stress/main.go:111.65,113.2 1 0
github.com/rushairer/batchsql/test/cmd/stress/main.go:115.13,149.25 18 0
github.com/rushairer/batchsql/test/cmd/stress/main.go:149.25,151.3 1 0
github.com/rushairer/batchsql/test/cmd/stress/main.go:151.8,153.3 1 0
github.com/rushairer/batchsql/test/cmd/stress/main.go:156.2,170.28 10 0
github.com/rushairer/batchsql/test/cmd/stress/main.go:170.28,171.21 1 0
github.com/rushairer/batchsql/test/cmd/stress/main.go:171.21,173.4 1 0
github.com/rushairer/batchsql/test/cmd/stress/main.go:174.3,174.33 1 0
github.com/rushairer/batchsql/test/cmd/stress/main.go:178.2,185.22 7 0
github.com/rushairer/batchsql/test/cmd/stress/main.go:185.22,189.3 3 0
github.com/rushairer/batchsql/test/cmd/stress/main.go:192.2,197.44 4 0
github.com/rushairer/batchsql/test/cmd/stress/main.go:197.44,202.29 4 0
github.com/rushairer/batchsql/test/cmd/stress/main.go:202.29,204.22 2 0
github.com/rushairer/batchsql/test/cmd/stress/main.go:204.22,206.5 1 0
github.com/rushairer/batchsql/test/cmd/stress/main.go:207.4,211.35 2 0
github.com/rushairer/batchsql/test/cmd/stress/main.go:211.35,214.5 2 0
github.com/rushairer/batchsql/test/cmd/stress/main.go:218.2,218.52 1 0
github.com/rushairer/batchsql/test/cmd/stress/main.go:222.108,226.38 3 0
github.com/rushairer/batchsql/test/cmd/stress/main.go:226.38,228.25 2 0
github.com/rushairer/batchsql/test/cmd/stress/main.go:228.25,233.17 3 0
github.com/rushairer/batchsql/test/cmd/stress/main.go:233.17,233.32 1 0
github.com/rushairer/batchsql/test/cmd/stress/main.go:236.4,241.18 4 0
github.com/rushairer/batchsql/test/cmd/stress/main.go:241.18,243.5 1 0
github.com/rushairer/batchsql/test/cmd/stress/main.go:247.2,247.11 1 0
github.com/rushairer/batchsql/test/cmd/stress/main.go:251.111,257.12 4 0
github.com/rushairer/batchsql/test/cmd/stress/main.go:257.12,260.3 2 0
github.com/rushairer/batchsql/test/cmd/stress/main.go:262.2,263.6 2 0
github.com/rushairer/batchsql/test/cmd/stress/main.go:263.6,264.10 1 0
github.com/rushairer/batchsql/test/cmd/stress/main.go:265.19,267.10 2 0
github.com/rushairer/batchsql/test/cmd/stress/main.go:268.11,270.20 2 0
github.com/rushairer/batchsql/test/cmd/stress/main.go:270.20,275.18 3 0
github.com/rushairer/batchsql/test/cmd/stress/main.go:275.18,275.33 1 0
github.com/rushairer/batchsql/test/cmd/stress/main.go:278.5,283.19 4 0
github.com/rushairer/batchsql/test/cmd/stress/main.go:283.19,285.6 1 0
github.com/rushairer/batchsql/test/cmd/stress/main.go:287.4,287.14 1 0
github.com/rushairer/batchsql/test/cmd/stress/main.go:293.72,295.28 2 0
github.com/rushairer/batchsql/test/cmd/stress/main.go:295.28,302.3 1 0
github.com/rushairer/batchsql/test/cmd/stress/main.go:303.2,303.13 1 0
github.com/rushairer/batchsql/examples/prometheus_example.go:22.96,24.2 1 0
github.com/rushairer/batchsql/examples/prometheus_example.go:28.57,30.2 1 0
github.com/rushairer/batchsql/examples/prometheus_example.go:35.92,37.2 1 0
github.com/rushairer/batchsql/examples/prometheus_example.go:41.38,43.2 1 0
github.com/rushairer/batchsql/examples/prometheus_example.go:53.50,60.2 2 0
github.com/rushairer/batchsql/examples/prometheus_example.go:63.103,69.26 3 0
github.com/rushairer/batchsql/examples/prometheus_example.go:69.26,73.27 3 0
github.com/rushairer/batchsql/examples/prometheus_example.go:73.27,75.4 1 0
github.com/rushairer/batchsql/examples/prometheus_example.go:76.3,76.75 1 0
github.com/rushairer/batchsql/examples/prometheus_example.go:79.2,79.70 1 0
github.com/rushairer/batchsql/examples/prometheus_example.go:82.23,124.32 10 0
github.com/rushairer/batchsql/examples/prometheus_example.go:124.32,131.17 5 0
github.com/rushairer/batchsql/examples/prometheus_example.go:131.17,133.4 1 0
github.com/rushairer/batchsql/examples/prometheus_example.go:133.9,135.4 1 0
github.com/rushairer/batchsql/examples/prometheus_example.go:138.2,147.79 9 0
github.com/rushairer/batchsql/examples/simple_demo.go:12.13,35.2 12 0
github.com/rushairer/batchsql/examples/simple_demo.go:37.68,54.46 6 0
github.com/rushairer/batchsql/examples/simple_demo.go:54.46,56.3 1 0
github.com/rushairer/batchsql/examples/simple_demo.go:56.8,58.3 1 0
github.com/rushairer/batchsql/examples/simple_demo.go:61.2,77.76 2 0
github.com/rushairer/batchsql/examples/simple_demo.go:77.76,79.3 1 0
github.com/rushairer/batchsql/examples/simple_demo.go:79.8,81.3 1 0
github.com/rushairer/batchsql/examples/simple_demo.go:84.77,124.31 3 0
github.com/rushairer/batchsql/examples/simple_demo.go:124.31,131.43 3 0
github.com/rushairer/batchsql/examples/simple_demo.go:131.43,133.12 2 0
github.com/rushairer/batchsql/examples/simple_demo.go:136.3,142.34 5 0
github.com/rushairer/batchsql/examples/simple_demo.go:142.34,144.4 1 0
github.com/rushairer/batchsql/examples/simple_demo.go:146.3,147.17 2 0
github.com/rushairer/batchsql/examples/simple_demo.go:147.17,149.12 2 0
github.com/rushairer/batchsql/examples/simple_demo.go:152.3,162.69 4 0
github.com/rushairer/batchsql/examples/simple_demo.go:162.69,164.4 1 0
github.com/rushairer/batchsql/examples/simple_demo.go:164.9,166.4 1 0
github.com/rushairer/batchsql/examples/simple_demo.go:170.53,189.16 9 0
github.com/rushairer/batchsql/examples/simple_demo.go:189.16,191.3 1 0
github.com/rushairer/batchsql/examples/simple_demo.go:194.2,195.47 2 0
github.com/rushairer/batchsql/examples/simple_demo.go:195.47,198.3 1 0
github.com/rushairer/batchsql/examples/simple_demo.go:206.106,208.2 1 0
github.com/rushairer/batchsql/examples/simple_demo.go:210.70,212.2 1 0
github.com/rushairer/batchsql/drivers/mongodb_driver.go:16.48,18.2 1 0
github.com/rushairer/batchsql/drivers/mongodb_driver.go:20.49,22.2 1 0
github.com/rushairer/batchsql/drivers/mongodb_driver.go:24.54,26.2 1 0
github.com/rushairer/batchsql/drivers/mongodb_driver.go:28.61,30.2 1 0
github.com/rushairer/batchsql/drivers/mongodb_driver.go:47.40,49.2 1 0
github.com/rushairer/batchsql/drivers/mongodb_driver.go:51.42,53.2 1 0
github.com/rushairer/batchsql/drivers/mongodb_driver.go:55.140,56.24 1 0
github.com/rushairer/batchsql/drivers/mongodb_driver.go:56.24,58.3 1 0
github.com/rushairer/batchsql/drivers/mongodb_driver.go:60.2,61.23 2 0
github.com/rushairer/batchsql/drivers/mongodb_driver.go:61.23,63.3 1 0
github.com/rushairer/batchsql/drivers/mongodb_driver.go:65.2,68.35 3 0
github.com/rushairer/batchsql/drivers/mongodb_driver.go:68.35,70.34 2 0
github.com/rushairer/batchsql/drivers/mongodb_driver.go:70.34,72.4 1 0
github.com/rushairer/batchsql/drivers/mongodb_driver.go:75.3,76.31 2 0
github.com/rushairer/batchsql/drivers/mongodb_driver.go:76.31,78.4 1 0
github.com/rushairer/batchsql/drivers/mongodb_driver.go:81.3,87.39 3 0
github.com/rushairer/batchsql/drivers/mongodb_driver.go:88.32,94.5 1 0
github.com/rushairer/batchsql/drivers/mongodb_driver.go:95.33,103.5 1 0
github.com/rushairer/batchsql/drivers/mongodb_driver.go:104.32,107.38 2 0
github.com/rushairer/batchsql/drivers/mongodb_driver.go:107.38,109.5 1 0
github.com/rushairer/batchsql/drivers/mongodb_driver.go:110.4,118.5 1 0
github.com/rushairer/batchsql/drivers/mongodb_driver.go:119.11,125.5 1 0
github.com/rushairer/batchsql/drivers/mongodb_driver.go:128.3,128.45 1 0
github.com/rushairer/batchsql/drivers/mongodb_driver.go:131.2,139.8 1 0
github.com/rushairer/batchsql/drivers/mongodb_driver.go:142.83,148.2 1 0
github.com/rushairer/batchsql/drivers/mongodb_driver.go:150.79,151.34 1 0
github.com/rushairer/batchsql/drivers/mongodb_driver.go:151.34,153.3 1 0
github.com/rushairer/batchsql/drivers/mongodb_driver.go:154.2,155.23 2 0
github.com/rushairer/batchsql/drivers/mongodb_driver.go:155.23,157.3 1 0
github.com/rushairer/batchsql/drivers/mongodb_driver.go:159.2,161.30 3 0
github.com/rushairer/batchsql/drivers/mongodb_driver.go:161.30,162.20 1 0
github.com/rushairer/batchsql/drivers/mongodb_driver.go:162.20,164.4 1 0
github.com/rushairer/batchsql/drivers/mongodb_driver.go:166.2,166.66 1 0
github.com/rushairer/batchsql/drivers/mongodb_driver.go:177.96,184.2 1 0
github.com/rushairer/batchsql/drivers/mongodb_driver.go:186.148,187.24 1 0
github.com/rushairer/batchsql/drivers/mongodb_driver.go:187.24,189.3 1 0
github.com/rushairer/batchsql/drivers/mongodb_driver.go:191.2,195.35 4 0
github.com/rushairer/batchsql/drivers/mongodb_driver.go:195.35,197.34 2 0
github.com/rushairer/batchsql/drivers/mongodb_driver.go:197.34,199.4 1 0
github.com/rushairer/batchsql/drivers/mongodb_driver.go:202.3,203.31 2 0
github.com/rushairer/batchsql/drivers/mongodb_driver.go:203.31,205.4 1 0
github.com/rushairer/batchsql/drivers/mongodb_driver.go:208.3,214.45 2 0
github.com/rushairer/batchsql/drivers/mongodb_driver.go:217.2,229.8 1 0
github.com/rushairer/batchsql/drivers/mongodb_driver.go:232.91,237.2 1 0
github.com/rushairer/batchsql/drivers/mongodb_driver.go:239.87,240.63 1 0
github.com/rushairer/batchsql/drivers/mongodb_driver.go:240.63,242.3 1 0
github.com/rushairer/batchsql/drivers/mongodb_driver.go:244.2,248.30 3 0
github.com/rushairer/batchsql/drivers/mongodb_driver.go:248.30,249.25 1 0
github.com/rushairer/batchsql/drivers/mongodb_driver.go:249.25,251.9 2 0
github.com/rushairer/batchsql/drivers/mongodb_driver.go:254.2,254.22 1 0
github.com/rushairer/batchsql/drivers/mongodb_driver.go:254.22,256.3 1 0
github.com/rushairer/batchsql/drivers/mongodb_driver.go:259.2,259.23 1 0
github.com/rushairer/batchsql/drivers/mongodb_driver.go:259.23,261.31 2 0
github.com/rushairer/batchsql/drivers/mongodb_driver.go:261.31,262.26 1 0
github.com/rushairer/batchsql/drivers/mongodb_driver.go:262.26,264.10 2 0
github.com/rushairer/batchsql/drivers/mongodb_driver.go:267.3,267.23 1 0
github.com/rushairer/batchsql/drivers/mongodb_driver.go:267.23,269.4 1 0
github.com/rushairer/batchsql/drivers/mongodb_driver.go:272.2,272.12 1 0
github.com/rushairer/batchsql/drivers/redis_driver.go:16.48,18.2 1 0
github.com/rushairer/batchsql/drivers/redis_driver.go:20.49,22.2 1 0
github.com/rushairer/batchsql/drivers/redis_driver.go:24.54,27.2 1 0
github.com/rushairer/batchsql/drivers/redis_driver.go:29.61,31.2 1 0
github.com/rushairer/batchsql/drivers/redis_driver.go:38.36,40.2 1 0
github.com/rushairer/batchsql/drivers/redis_driver.go:42.40,44.2 1 0
github.com/rushairer/batchsql/drivers/redis_driver.go:46.138,47.24 1 0
github.com/rushairer/batchsql/drivers/redis_driver.go:47.24,49.3 1 0
github.com/rushairer/batchsql/drivers/redis_driver.go:51.2,52.23 2 0
github.com/rushairer/batchsql/drivers/redis_driver.go:52.23,54.3 1 0
github.com/rushairer/batchsql/drivers/redis_driver.go:56.2,59.35 3 0
github.com/rushairer/batchsql/drivers/redis_driver.go:59.35,61.34 2 0
github.com/rushairer/batchsql/drivers/redis_driver.go:61.34,63.4 1 0
github.com/rushairer/batchsql/drivers/redis_driver.go:66.3,68.39 2 0
github.com/rushairer/batchsql/drivers/redis_driver.go:69.32,71.38 1 0
github.com/rushairer/batchsql/drivers/redis_driver.go:71.38,74.5 2 0
github.com/rushairer/batchsql/drivers/redis_driver.go:75.58,77.24 1 0
github.com/rushairer/batchsql/drivers/redis_driver.go:77.24,79.39 2 0
github.com/rushairer/batchsql/drivers/redis_driver.go:79.39,81.6 1 0
github.com/rushairer/batchsql/drivers/redis_driver.go:82.5,82.37 1 0
github.com/rushairer/batchsql/drivers/redis_driver.go:84.11,86.24 1 0
github.com/rushairer/batchsql/drivers/redis_driver.go:86.24,88.39 2 0
github.com/rushairer/batchsql/drivers/redis_driver.go:88.39,90.6 1 0
github.com/rushairer/batchsql/drivers/redis_driver.go:91.5,91.37 1 0
github.com/rushairer/batchsql/drivers/redis_driver.go:96.2,104.8 1 0
github.com/rushairer/batchsql/drivers/redis_driver.go:107.81,113.2 1 0
github.com/rushairer/batchsql/drivers/redis_driver.go:115.77,116.34 1 0
github.com/rushairer/batchsql/drivers/redis_driver.go:116.34,118.3 1 0
github.com/rushairer/batchsql/drivers/redis_driver.go:119.2,120.23 2 0
github.com/rushairer/batchsql/drivers/redis_driver.go:120.23,122.3 1 0
github.com/rushairer/batchsql/drivers/redis_driver.go:123.2,123.22 1 0
github.com/rushairer/batchsql/drivers/redis_driver.go:123.22,125.3 1 0
github.com/rushairer/batchsql/drivers/redis_driver.go:127.2,129.30 3 0
github.com/rushairer/batchsql/drivers/redis_driver.go:129.30,130.20 1 0
github.com/rushairer/batchsql/drivers/redis_driver.go:130.20,132.4 1 0
github.com/rushairer/batchsql/drivers/redis_driver.go:134.2,134.66 1 0
github.com/rushairer/batchsql/drivers/redis_driver.go:142.44,146.2 1 0
github.com/rushairer/batchsql/drivers/redis_driver.go:153.42,157.2 1 0
github.com/rushairer/batchsql/drivers/redis_driver.go:159.141,160.24 1 0
github.com/rushairer/batchsql/drivers/redis_driver.go:160.24,162.3 1 0
github.com/rushairer/batchsql/drivers/redis_driver.go:164.2,165.23 2 0
github.com/rushairer/batchsql/drivers/redis_driver.go:165.23,167.3 1 0
github.com/rushairer/batchsql/drivers/redis_driver.go:169.2,171.35 2 0
github.com/rushairer/batchsql/drivers/redis_driver.go:171.35,173.23 2 0
github.com/rushairer/batchsql/drivers/redis_driver.go:173.23,175.4 1 0
github.com/rushairer/batchsql/drivers/redis_driver.go:177.3,180.39 3 0
github.com/rushairer/batchsql/drivers/redis_driver.go:181.32,184.36 2 0
github.com/rushairer/batchsql/drivers/redis_driver.go:185.58,188.36 2 0
github.com/rushairer/batchsql/drivers/redis_driver.go:189.11,191.36 2 0
github.com/rushairer/batchsql/drivers/redis_driver.go:195.2,204.8 1 0
github.com/rushairer/batchsql/drivers/redis_driver.go:207.80,208.34 1 0
github.com/rushairer/batchsql/drivers/redis_driver.go:208.34,210.3 1 0
github.com/rushairer/batchsql/drivers/redis_driver.go:211.2,212.23 2 0
github.com/rushairer/batchsql/drivers/redis_driver.go:212.23,214.3 1 0
github.com/rushairer/batchsql/drivers/redis_driver.go:216.2,218.30 3 0
github.com/rushairer/batchsql/drivers/redis_driver.go:218.30,219.20 1 0
github.com/rushairer/batchsql/drivers/redis_driver.go:219.20,221.4 1 0
github.com/rushairer/batchsql/drivers/redis_driver.go:223.2,223.66 1 0
github.com/rushairer/batchsql/drivers/sql_driver.go:23.46,25.2 1 0
github.com/rushairer/batchsql/drivers/sql_driver.go:27.47,29.2 1 0
github.com/rushairer/batchsql/drivers/sql_driver.go:31.52,33.2 1 0
github.com/rushairer/batchsql/drivers/sql_driver.go:35.59,37.2 1 0
github.com/rushairer/batchsql/drivers/sql_driver.go:44.36,48.2 1 0
github.com/rushairer/batchsql/drivers/sql_driver.go:50.40,52.2 1 0
github.com/rushairer/batchsql/drivers/sql_driver.go:54.138,55.24 1 0
github.com/rushairer/batchsql/drivers/sql_driver.go:55.24,57.3 1 0
github.com/rushairer/batchsql/drivers/sql_driver.go:59.2,60.23 2 0
github.com/rushairer/batchsql/drivers/sql_driver.go:60.23,62.3 1 0
github.com/rushairer/batchsql/drivers/sql_driver.go:65.2,69.38 4 0
github.com/rushairer/batchsql/drivers/sql_driver.go:70.31,71.110 1 0
github.com/rushairer/batchsql/drivers/sql_driver.go:72.32,73.104 1 0
github.com/rushairer/batchsql/drivers/sql_driver.go:74.31,77.31 3 0
github.com/rushairer/batchsql/drivers/sql_driver.go:77.31,79.4 1 0
github.com/rushairer/batchsql/drivers/sql_driver.go:80.3,80.95 1 0
github.com/rushairer/batchsql/drivers/sql_driver.go:81.10,82.103 1 0
github.com/rushairer/batchsql/drivers/sql_driver.go:86.2,87.35 2 0
github.com/rushairer/batchsql/drivers/sql_driver.go:87.35,90.3 2 0
github.com/rushairer/batchsql/drivers/sql_driver.go:92.2,101.8 1 0
github.com/rushairer/batchsql/drivers/sql_driver.go:104.81,110.2 1 0
github.com/rushairer/batchsql/drivers/sql_driver.go:112.77,113.34 1 0
github.com/rushairer/batchsql/drivers/sql_driver.go:113.34,115.3 1 0
github.com/rushairer/batchsql/drivers/sql_driver.go:116.2,116.35 1 0
github.com/rushairer/batchsql/drivers/sql_driver.go:116.35,118.3 1 0
github.com/rushairer/batchsql/drivers/sql_driver.go:121.2,123.30 3 0
github.com/rushairer/batchsql/drivers/sql_driver.go:123.30,124.20 1 0
github.com/rushairer/batchsql/drivers/sql_driver.go:124.20,126.4 1 0
github.com/rushairer/batchsql/drivers/sql_driver.go:128.2,128.66 1 0
github.com/rushairer/batchsql/drivers/sql_driver.go:131.79,134.22 3 0
github.com/rushairer/batchsql/drivers/sql_driver.go:134.22,136.3 1 0
github.com/rushairer/batchsql/drivers/sql_driver.go:137.2,137.33 1 0
github.com/rushairer/batchsql/drivers/sql_driver.go:145.46,149.2 1 0
github.com/rushairer/batchsql/drivers/sql_driver.go:151.45,153.2 1 0
github.com/rushairer/batchsql/drivers/sql_driver.go:155.143,156.24 1 0
github.com/rushairer/batchsql/drivers/sql_driver.go:156.24,158.3 1 0
github.com/rushairer/batchsql/drivers/sql_driver.go:160.2,161.23 2 0
github.com/rushairer/batchsql/drivers/sql_driver.go:161.23,163.3 1 0
github.com/rushairer/batchsql/drivers/sql_driver.go:165.2,170.38 5 0
github.com/rushairer/batchsql/drivers/sql_driver.go:171.31,172.58 1 0
github.com/rushairer/batchsql/drivers/sql_driver.go:173.57,175.31 2 0
github.com/rushairer/batchsql/drivers/sql_driver.go:175.31,177.4 1 0
github.com/rushairer/batchsql/drivers/sql_driver.go:179.3,179.114 1 0
github.com/rushairer/batchsql/drivers/sql_driver.go:180.10,181.16 1 0
github.com/rushairer/batchsql/drivers/sql_driver.go:184.2,185.35 2 0
github.com/rushairer/batchsql/drivers/sql_driver.go:185.35,188.3 2 0
github.com/rushairer/batchsql/drivers/sql_driver.go:190.2,199.8 1 0
github.com/rushairer/batchsql/drivers/sql_driver.go:202.86,207.2 1 0
github.com/rushairer/batchsql/drivers/sql_driver.go:209.82,210.34 1 0
github.com/rushairer/batchsql/drivers/sql_driver.go:210.34,212.3 1 0
github.com/rushairer/batchsql/drivers/sql_driver.go:213.2,213.35 1 0
github.com/rushairer/batchsql/drivers/sql_driver.go:213.35,215.3 1 0
github.com/rushairer/batchsql/drivers/sql_driver.go:217.2,219.30 3 0
github.com/rushairer/batchsql/drivers/sql_driver.go:219.30,220.20 1 0
github.com/rushairer/batchsql/drivers/sql_driver.go:220.20,222.4 1 0
github.com/rushairer/batchsql/drivers/sql_driver.go:224.2,224.66 1 0
github.com/rushairer/batchsql/drivers/sql_driver.go:227.84,230.22 3 0
github.com/rushairer/batchsql/drivers/sql_driver.go:230.22,232.3 1 0
github.com/rushairer/batchsql/drivers/sql_driver.go:233.2,233.33 1 0
github.com/rushairer/batchsql/batchsql.go:31.26,35.2 1 12
github.com/rushairer/batchsql/batchsql.go:38.72,41.2 2 4
github.com/rushairer/batchsql/batchsql.go:44.118,45.19 1 8
github.com/rushairer/batchsql/batchsql.go:45.19,47.3 1 2
github.com/rushairer/batchsql/batchsql.go:49.2,49.20 1 6
github.com/rushairer/batchsql/batchsql.go:49.20,51.3 1 2
github.com/rushairer/batchsql/batchsql.go:54.2,57.42 2 4
github.com/rushairer/batchsql/batchsql.go:57.42,59.3 1 1
github.com/rushairer/batchsql/batchsql.go:62.2,63.28 2 3
github.com/rushairer/batchsql/batchsql.go:63.28,65.32 2 5
github.com/rushairer/batchsql/batchsql.go:65.32,67.4 1 11
github.com/rushairer/batchsql/batchsql.go:68.3,68.24 1 5
github.com/rushairer/batchsql/batchsql.go:72.2,74.16 3 3
github.com/rushairer/batchsql/batchsql.go:74.16,76.3 1 0
github.com/rushairer/batchsql/batchsql.go:79.2,82.23 2 3
github.com/rushairer/batchsql/batchsql.go:82.23,92.3 2 2
github.com/rushairer/batchsql/batchsql.go:94.2,94.16 1 3
github.com/rushairer/batchsql/batchsql.go:98.104,102.2 1 3
github.com/rushairer/batchsql/batchsql.go:105.135,107.2 1 1
github.com/rushairer/batchsql/batchsql.go:110.32,113.2 1 1
github.com/rushairer/batchsql/request.go:15.50,20.2 1 5
github.com/rushairer/batchsql/request.go:23.63,25.2 1 5
github.com/rushairer/batchsql/request.go:28.54,30.2 1 11
github.com/rushairer/batchsql/request.go:33.55,36.2 2 0
github.com/rushairer/batchsql/request.go:39.48,40.42 1 0
github.com/rushairer/batchsql/request.go:40.42,41.36 1 0
github.com/rushairer/batchsql/request.go:41.36,43.4 1 0
github.com/rushairer/batchsql/request.go:44.3,44.34 1 0
github.com/rushairer/batchsql/request.go:46.2,46.11 1 0
github.com/rushairer/batchsql/request.go:50.42,51.42 1 0
github.com/rushairer/batchsql/request.go:51.42,52.28 1 0
github.com/rushairer/batchsql/request.go:53.12,54.12 1 0
github.com/rushairer/batchsql/request.go:55.14,56.17 1 0
github.com/rushairer/batchsql/request.go:57.16,58.17 1 0
github.com/rushairer/batchsql/request.go:61.2,61.10 1 0
github.com/rushairer/batchsql/request.go:65.46,66.42 1 0
github.com/rushairer/batchsql/request.go:66.42,67.28 1 0
github.com/rushairer/batchsql/request.go:68.14,69.12 1 0
github.com/rushairer/batchsql/request.go:70.12,71.19 1 0
github.com/rushairer/batchsql/request.go:72.16,73.19 1 0
github.com/rushairer/batchsql/request.go:76.2,76.10 1 0
github.com/rushairer/batchsql/request.go:80.50,81.42 1 0
github.com/rushairer/batchsql/request.go:81.42,82.28 1 0
github.com/rushairer/batchsql/request.go:83.16,84.12 1 0
github.com/rushairer/batchsql/request.go:85.16,86.21 1 0
github.com/rushairer/batchsql/request.go:87.12,88.21 1 0
github.com/rushairer/batchsql/request.go:89.14,90.21 1 0
github.com/rushairer/batchsql/request.go:93.2,93.12 1 0
github.com/rushairer/batchsql/request.go:97.44,98.42 1 0
github.com/rushairer/batchsql/request.go:98.42,99.32 1 0
github.com/rushairer/batchsql/request.go:99.32,101.4 1 0
github.com/rushairer/batchsql/request.go:103.2,103.14 1 0
github.com/rushairer/batchsql/request.go:107.52,109.27 2 0
github.com/rushairer/batchsql/request.go:109.27,111.3 1 0
github.com/rushairer/batchsql/request.go:112.2,112.15 1 0
github.com/rushairer/batchsql/request.go:116.52,120.33 3 0
github.com/rushairer/batchsql/request.go:120.33,121.46 1 0
github.com/rushairer/batchsql/request.go:121.46,123.4 1 0
github.com/rushairer/batchsql/request.go:123.9,125.4 1 0
github.com/rushairer/batchsql/request.go:128.2,128.15 1 0
github.com/rushairer/batchsql/request.go:132.44,134.2 1 0
github.com/rushairer/batchsql/request.go:137.36,138.21 1 0
github.com/rushairer/batchsql/request.go:138.21,140.3 1 0
github.com/rushairer/batchsql/request.go:143.2,143.44 1 0
github.com/rushairer/batchsql/request.go:143.44,145.3 1 0
github.com/rushairer/batchsql/request.go:148.2,149.33 2 0
github.com/rushairer/batchsql/request.go:149.33,150.43 1 0
github.com/rushairer/batchsql/request.go:150.44,153.4 0 0
github.com/rushairer/batchsql/request.go:156.2,156.12 1 0
github.com/rushairer/batchsql/request.go:160.36,166.27 2 0
github.com/rushairer/batchsql/request.go:166.27,168.3 1 0
github.com/rushairer/batchsql/request.go:170.2,170.14 1 0
github.com/rushairer/batchsql/request.go:174.48,175.18 1 0
github.com/rushairer/batchsql/request.go:175.18,177.3 1 0
github.com/rushairer/batchsql/request.go:179.2,180.18 2 0
github.com/rushairer/batchsql/request.go:181.21,183.32 2 0
github.com/rushairer/batchsql/request.go:183.32,185.4 1 0
github.com/rushairer/batchsql/request.go:186.3,186.15 1 0
github.com/rushairer/batchsql/request.go:187.19,189.35 2 0
github.com/rushairer/batchsql/request.go:189.35,191.4 1 0
github.com/rushairer/batchsql/request.go:192.3,192.11 1 0
github.com/rushairer/batchsql/request.go:193.10,194.15 1 0
github.com/rushairer/batchsql/request.go:199.35,201.2 1 0
github.com/rushairer/batchsql/schema.go:20.11,28.2 1 21
github.com/rushairer/batchsql/schema.go:31.41,33.2 1 13
github.com/rushairer/batchsql/schema.go:36.57,38.2 1 9
github.com/rushairer/batchsql/schema.go:41.40,43.2 1 6
github.com/rushairer/batchsql/schema.go:46.53,48.2 1 7
github.com/rushairer/batchsql/schema.go:51.61,53.2 1 4
github.com/rushairer/batchsql/schema.go:56.62,59.2 2 5
github.com/rushairer/batchsql/schema.go:62.58,64.2 1 1
github.com/rushairer/batchsql/schema.go:67.35,68.24 1 8
github.com/rushairer/batchsql/schema.go:68.24,70.3 1 1
github.com/rushairer/batchsql/schema.go:71.2,71.25 1 7
github.com/rushairer/batchsql/schema.go:71.25,73.3 1 1
github.com/rushairer/batchsql/schema.go:74.2,74.21 1 6
github.com/rushairer/batchsql/schema.go:74.21,76.3 1 1
github.com/rushairer/batchsql/schema.go:79.2,79.35 1 5
github.com/rushairer/batchsql/schema.go:83.42,93.31 3 1
github.com/rushairer/batchsql/schema.go:93.31,95.3 1 1
github.com/rushairer/batchsql/schema.go:97.2,97.18 1 1
github.com/rushairer/batchsql/schema.go:101.74,104.2 2 1
github.com/rushairer/batchsql/schema.go:107.57,110.2 2 1
github.com/rushairer/batchsql/schema.go:113.70,116.2 2 1
github.com/rushairer/batchsql/schema.go:119.51,122.2 2 1
github.com/rushairer/batchsql/schema.go:125.54,126.32 1 1
github.com/rushairer/batchsql/schema.go:126.32,127.20 1 2
github.com/rushairer/batchsql/schema.go:127.20,129.9 2 1
github.com/rushairer/batchsql/schema.go:132.2,132.10 1 1
github.com/rushairer/batchsql/schema.go:136.48,137.32 1 3
github.com/rushairer/batchsql/schema.go:137.32,138.20 1 7
github.com/rushairer/batchsql/schema.go:138.20,140.4 1 1
github.com/rushairer/batchsql/schema.go:142.2,142.14 1 2
github.com/rushairer/batchsql/schema.go:146.52,147.32 1 2
github.com/rushairer/batchsql/schema.go:147.32,148.20 1 4
github.com/rushairer/batchsql/schema.go:148.20,150.4 1 1
github.com/rushairer/batchsql/schema.go:152.2,152.11 1 1
github.com/rushairer/batchsql/schema.go:156.34,159.2 1 1
github.com/rushairer/batchsql/types.go:18.44,19.12 1 1
github.com/rushairer/batchsql/types.go:20.22,21.18 1 0
github.com/rushairer/batchsql/types.go:22.23,23.19 1 1
github.com/rushairer/batchsql/types.go:24.22,25.18 1 0
github.com/rushairer/batchsql/types.go:26.21,27.17 1 0
github.com/rushairer/batchsql/types.go:28.10,29.19 1 0
github.com/rushairer/batchsql/types.go:50.40,51.12 1 0
github.com/rushairer/batchsql/types.go:52.25,53.17 1 0
github.com/rushairer/batchsql/types.go:54.30,55.22 1 0
github.com/rushairer/batchsql/types.go:56.26,57.18 1 0
github.com/rushairer/batchsql/types.go:58.25,59.17 1 0
github.com/rushairer/batchsql/types.go:60.27,61.19 1 0
github.com/rushairer/batchsql/types.go:62.10,63.19 1 0
github.com/rushairer/batchsql/types.go:84.43,86.2 1 0
github.com/rushairer/batchsql/types.go:96.38,98.2 1 0
github.com/rushairer/batchsql/types.go:101.74,107.2 1 0
github.com/rushairer/batchsql/types.go:110.40,112.2 1 0
